<?xml version="1.0" encoding="UTF-8"?>
<testng-results skipped="0" failed="0" ignored="0" total="6" passed="6">
  <reporter-output>
  </reporter-output>
  <suite name="Suite" duration-ms="208650" started-at="2021-09-08T15:32:21 IST" finished-at="2021-09-08T15:35:50 IST">
    <groups>
    </groups>
    <test name="runner" duration-ms="208650" started-at="2021-09-08T15:32:21 IST" finished-at="2021-09-08T15:35:50 IST">
      <class name="com.Hybridframework.runner.Runner">
        <test-method status="PASS" signature="intilize()[pri:0, instance:com.Hybridframework.runner.Runner@16f7c8c1]" name="intilize" is-config="true" duration-ms="58948" started-at="2021-09-08T15:32:21 IST" finished-at="2021-09-08T15:33:20 IST">
          <reporter-output>
          </reporter-output>
        </test-method> <!-- intilize -->
        <test-method status="PASS" signature="testdata(java.lang.String)[pri:0, instance:com.Hybridframework.runner.Runner@16f7c8c1]" name="testdata" duration-ms="45951" started-at="2021-09-08T15:33:21 IST" data-provider="exceldata" finished-at="2021-09-08T15:34:07 IST">
          <params>
            <param index="0">
              <value>
                <![CDATA[Amazon]]>
              </value>
            </param>
          </params>
          <reporter-output>
          </reporter-output>
        </test-method> <!-- testdata -->
        <test-method status="PASS" signature="testdata(java.lang.String)[pri:0, instance:com.Hybridframework.runner.Runner@16f7c8c1]" name="testdata" duration-ms="13951" started-at="2021-09-08T15:34:07 IST" data-provider="exceldata" finished-at="2021-09-08T15:34:21 IST">
          <params>
            <param index="0">
              <value>
                <![CDATA[pens]]>
              </value>
            </param>
          </params>
          <reporter-output>
          </reporter-output>
        </test-method> <!-- testdata -->
        <test-method status="PASS" signature="testdata(java.lang.String)[pri:0, instance:com.Hybridframework.runner.Runner@16f7c8c1]" name="testdata" duration-ms="7385" started-at="2021-09-08T15:34:21 IST" data-provider="exceldata" finished-at="2021-09-08T15:34:29 IST">
          <params>
            <param index="0">
              <value>
                <![CDATA[books]]>
              </value>
            </param>
          </params>
          <reporter-output>
          </reporter-output>
        </test-method> <!-- testdata -->
        <test-method status="PASS" signature="validatingtitle()[pri:0, instance:com.Hybridframework.runner.Runner@16f7c8c1]" name="validatingtitle" duration-ms="10954" started-at="2021-09-08T15:34:29 IST" finished-at="2021-09-08T15:34:40 IST">
          <reporter-output>
          </reporter-output>
        </test-method> <!-- validatingtitle -->
        <test-method status="PASS" signature="validateitem()[pri:1, instance:com.Hybridframework.runner.Runner@16f7c8c1]" name="validateitem" duration-ms="63580" started-at="2021-09-08T15:34:40 IST" finished-at="2021-09-08T15:35:43 IST">
          <reporter-output>
          </reporter-output>
        </test-method> <!-- validateitem -->
        <test-method status="PASS" signature="signinclick()[pri:2, instance:com.Hybridframework.runner.Runner@16f7c8c1]" name="signinclick" duration-ms="2786" started-at="2021-09-08T15:35:43 IST" finished-at="2021-09-08T15:35:46 IST">
          <reporter-output>
          </reporter-output>
        </test-method> <!-- signinclick -->
        <test-method status="PASS" signature="close()[pri:0, instance:com.Hybridframework.runner.Runner@16f7c8c1]" name="close" is-config="true" duration-ms="4175" started-at="2021-09-08T15:35:46 IST" finished-at="2021-09-08T15:35:50 IST">
          <reporter-output>
          </reporter-output>
        </test-method> <!-- close -->
        <test-method status="FAIL" signature="test()[pri:0, instance:com.Hybridframework.runner.Runner@16f7c8c1]" name="test" is-config="true" duration-ms="2645" started-at="2021-09-08T15:35:50 IST" finished-at="2021-09-08T15:35:53 IST">
          <exception class="java.lang.RuntimeException">
            <message>
              <![CDATA[javax.mail.AuthenticationFailedException: 535-5.7.8 Username and Password not accepted. Learn more at
535 5.7.8  https://support.google.com/mail/?p=BadCredentials i7sm2400203pgd.56 - gsmtp
]]>
            </message>
            <full-stacktrace>
              <![CDATA[java.lang.RuntimeException: javax.mail.AuthenticationFailedException: 535-5.7.8 Username and Password not accepted. Learn more at
535 5.7.8  https://support.google.com/mail/?p=BadCredentials i7sm2400203pgd.56 - gsmtp

at com.Hybridframework.utility.EmailSender.sentEmail(EmailSender.java:114)
at com.Hybridframework.runner.Runner.test(Runner.java:106)
at sun.reflect.NativeMethodAccessorImpl.invoke0(Native Method)
at sun.reflect.NativeMethodAccessorImpl.invoke(NativeMethodAccessorImpl.java:62)
at sun.reflect.DelegatingMethodAccessorImpl.invoke(DelegatingMethodAccessorImpl.java:43)
at java.lang.reflect.Method.invoke(Method.java:498)
at org.testng.internal.MethodInvocationHelper.invokeMethod(MethodInvocationHelper.java:133)
at org.testng.internal.MethodInvocationHelper.invokeMethodConsideringTimeout(MethodInvocationHelper.java:62)
at org.testng.internal.ConfigInvoker.invokeConfigurationMethod(ConfigInvoker.java:385)
at org.testng.internal.ConfigInvoker.invokeConfigurations(ConfigInvoker.java:321)
at org.testng.SuiteRunner.privateRun(SuiteRunner.java:344)
at org.testng.SuiteRunner.run(SuiteRunner.java:276)
at org.testng.SuiteRunnerWorker.runSuite(SuiteRunnerWorker.java:53)
at org.testng.SuiteRunnerWorker.run(SuiteRunnerWorker.java:96)
at org.testng.TestNG.runSuitesSequentially(TestNG.java:1212)
at org.testng.TestNG.runSuitesLocally(TestNG.java:1134)
at org.testng.TestNG.runSuites(TestNG.java:1063)
at org.testng.TestNG.run(TestNG.java:1031)
at org.apache.maven.surefire.testng.TestNGExecutor.run(TestNGExecutor.java:284)
at org.apache.maven.surefire.testng.TestNGXmlTestSuite.execute(TestNGXmlTestSuite.java:75)
at org.apache.maven.surefire.testng.TestNGProvider.invoke(TestNGProvider.java:119)
at org.apache.maven.surefire.booter.ForkedBooter.runSuitesInProcess(ForkedBooter.java:428)
at org.apache.maven.surefire.booter.ForkedBooter.execute(ForkedBooter.java:162)
at org.apache.maven.surefire.booter.ForkedBooter.run(ForkedBooter.java:562)
at org.apache.maven.surefire.booter.ForkedBooter.main(ForkedBooter.java:548)
Caused by: javax.mail.AuthenticationFailedException: 535-5.7.8 Username and Password not accepted. Learn more at
535 5.7.8  https://support.google.com/mail/?p=BadCredentials i7sm2400203pgd.56 - gsmtp

at com.sun.mail.smtp.SMTPTransport$Authenticator.authenticate(SMTPTransport.java:965)
at com.sun.mail.smtp.SMTPTransport.authenticate(SMTPTransport.java:876)
at com.sun.mail.smtp.SMTPTransport.protocolConnect(SMTPTransport.java:780)
at javax.mail.Service.connect(Service.java:388)
at javax.mail.Service.connect(Service.java:246)
at javax.mail.Service.connect(Service.java:195)
at javax.mail.Transport.send0(Transport.java:254)
at javax.mail.Transport.send(Transport.java:124)
at com.Hybridframework.utility.EmailSender.sentEmail(EmailSender.java:108)
... 24 more
]]>
            </full-stacktrace>
          </exception> <!-- java.lang.RuntimeException -->
          <reporter-output>
          </reporter-output>
        </test-method> <!-- test -->
      </class> <!-- com.Hybridframework.runner.Runner -->
    </test> <!-- runner -->
  </suite> <!-- Suite -->
</testng-results>
